android/gradleBuild/outputs/logs/manifest-merger-debug-report.txt
-- Merging decision tree log ---
manifest
ADDED from Polyglot/android/AndroidManifest.xml:18:1-59:12
MERGED from [org.tensorflow:tensorflow-android:1.8.0] AndroidManifest.xml:2:1-8:12
MERGED from [com.android.support:appcompat-v7:23.4.0] AndroidManifest.xml:17:1-27:12
MERGED from [com.android.support:animated-vector-drawable:23.4.0] AndroidManifest.xml:2:1-9:12
MERGED from [com.android.support:support-vector-drawable:23.4.0] AndroidManifest.xml:2:1-9:12
MERGED from [com.android.support:support-v4:23.4.0] AndroidManifest.xml:17:1-24:12
	package
		ADDED from Polyglot/android/AndroidManifest.xml:19:5-34
	xmlns:android
		ADDED from Polyglot/android/AndroidManifest.xml:18:11-69
uses-permission#android.permission.CAMERA
ADDED from Polyglot/android/AndroidManifest.xml:21:5-65
	android:name
		ADDED from Polyglot/android/AndroidManifest.xml:21:22-62
uses-feature#android.hardware.camera
ADDED from Polyglot/android/AndroidManifest.xml:22:5-23:36
	android:required
		ADDED from Polyglot/android/AndroidManifest.xml:23:9-33
	android:name
		ADDED from Polyglot/android/AndroidManifest.xml:22:19-57
uses-feature#android.hardware.camera.autofocus
ADDED from Polyglot/android/AndroidManifest.xml:24:5-25:36
	android:required
		ADDED from Polyglot/android/AndroidManifest.xml:25:9-33
	android:name
		ADDED from Polyglot/android/AndroidManifest.xml:24:19-67
uses-feature#android.software.leanback
ADDED from Polyglot/android/AndroidManifest.xml:26:5-28:36
	android:required
		ADDED from Polyglot/android/AndroidManifest.xml:28:9-33
	android:name
		ADDED from Polyglot/android/AndroidManifest.xml:27:9-49
uses-feature#android.hardware.touchscreen
ADDED from Polyglot/android/AndroidManifest.xml:29:5-31:36
	android:required
		ADDED from Polyglot/android/AndroidManifest.xml:31:9-33
	android:name
		ADDED from Polyglot/android/AndroidManifest.xml:30:9-52
uses-permission#android.permission.WRITE_EXTERNAL_STORAGE
ADDED from Polyglot/android/AndroidManifest.xml:33:5-80
	android:name
		ADDED from Polyglot/android/AndroidManifest.xml:33:22-78
uses-permission#android.permission.INTERNET
ADDED from Polyglot/android/AndroidManifest.xml:34:5-67
	android:name
		ADDED from Polyglot/android/AndroidManifest.xml:34:22-64
uses-permission#android.permission.ACCESS_NETWORK_STATE
ADDED from Polyglot/android/AndroidManifest.xml:35:5-79
	android:name
		ADDED from Polyglot/android/AndroidManifest.xml:35:22-76
uses-sdk
ADDED from Polyglot/android/AndroidManifest.xml:38:5-40:41
MERGED from [com.android.support:appcompat-v7:23.4.0] AndroidManifest.xml:21:5-23:78
MERGED from [com.android.support:appcompat-v7:23.4.0] AndroidManifest.xml:21:5-23:78
MERGED from [com.android.support:animated-vector-drawable:23.4.0] AndroidManifest.xml:5:5-44
MERGED from [com.android.support:animated-vector-drawable:23.4.0] AndroidManifest.xml:5:5-44
MERGED from [com.android.support:support-vector-drawable:23.4.0] AndroidManifest.xml:5:5-43
MERGED from [com.android.support:support-vector-drawable:23.4.0] AndroidManifest.xml:5:5-43
MERGED from [com.android.support:support-v4:23.4.0] AndroidManifest.xml:20:5-43
MERGED from [com.android.support:support-v4:23.4.0] AndroidManifest.xml:20:5-43
	tools:overrideLibrary
		ADDED from [com.android.support:appcompat-v7:23.4.0] AndroidManifest.xml:23:9-75
	android:targetSdkVersion
		ADDED from Polyglot/android/AndroidManifest.xml:40:9-38
	android:minSdkVersion
		ADDED from Polyglot/android/AndroidManifest.xml:39:9-35
application
ADDED from Polyglot/android/AndroidManifest.xml:42:5-57:19
MERGED from [org.tensorflow:tensorflow-android:1.8.0] AndroidManifest.xml:5:5-6:19
MERGED from [org.tensorflow:tensorflow-android:1.8.0] AndroidManifest.xml:5:5-6:19
MERGED from [com.android.support:appcompat-v7:23.4.0] AndroidManifest.xml:25:5-20
MERGED from [com.android.support:appcompat-v7:23.4.0] AndroidManifest.xml:25:5-20
MERGED from [com.android.support:animated-vector-drawable:23.4.0] AndroidManifest.xml:7:5-20
MERGED from [com.android.support:animated-vector-drawable:23.4.0] AndroidManifest.xml:7:5-20
MERGED from [com.android.support:support-vector-drawable:23.4.0] AndroidManifest.xml:7:5-20
MERGED from [com.android.support:support-vector-drawable:23.4.0] AndroidManifest.xml:7:5-20
MERGED from [com.android.support:support-v4:23.4.0] AndroidManifest.xml:22:5-20
MERGED from [com.android.support:support-v4:23.4.0] AndroidManifest.xml:22:5-20
	android:label
		ADDED from Polyglot/android/AndroidManifest.xml:43:9-41
	android:icon
		ADDED from Polyglot/android/AndroidManifest.xml:44:9-43
	android:allowBackup
		ADDED from Polyglot/android/AndroidManifest.xml:42:18-44
	android:theme
		ADDED from Polyglot/android/AndroidManifest.xml:45:9-67
activity#org.tensorflow.demo.DetectorActivity
ADDED from Polyglot/android/AndroidManifest.xml:47:5-55:20
	android:screenOrientation
		ADDED from Polyglot/android/AndroidManifest.xml:48:19-55
	android:label
		ADDED from Polyglot/android/AndroidManifest.xml:49:19-66
	android:name
		ADDED from Polyglot/android/AndroidManifest.xml:47:15-66
intent-filter#action:name:android.intent.action.MAIN+category:name:android.intent.category.LAUNCHER+category:name:android.intent.category.LEANBACK_LAUNCHER
ADDED from Polyglot/android/AndroidManifest.xml:50:13-54:29
action#android.intent.action.MAIN
ADDED from Polyglot/android/AndroidManifest.xml:51:17-69
	android:name
		ADDED from Polyglot/android/AndroidManifest.xml:51:25-66
category#android.intent.category.LAUNCHER
ADDED from Polyglot/android/AndroidManifest.xml:52:17-77
	android:name
		ADDED from Polyglot/android/AndroidManifest.xml:52:27-74
category#android.intent.category.LEANBACK_LAUNCHER
ADDED from Polyglot/android/AndroidManifest.xml:53:17-86
	android:name
		ADDED from Polyglot/android/AndroidManifest.xml:53:27-83
uses-permission#android.permission.READ_PHONE_STATE
IMPLIED from Polyglot/android/AndroidManifest.xml:18:1-59:12 reason: tensorflow.contrib.android has a targetSdkVersion < 4
uses-permission#android.permission.READ_EXTERNAL_STORAGE
IMPLIED from Polyglot/android/AndroidManifest.xml:18:1-59:12 reason: tensorflow.contrib.android requested WRITE_EXTERNAL_STORAGE